<?xml version="1.0" encoding="UTF-8"?>
<testsuite name="List of jobs offered in the city of Medellin" tests="3" skipped="0" failures="0" errors="0" timestamp="2019-11-24T09:30:10" hostname="LAPTOP-OKI9805U" time="48.462">
  <properties/>
  <testcase name="Carlos, wants to work in the city of medellin in the company" classname="List of jobs offered in the city of Medellin" time="18.496"/>
  <testcase name="Carlos, wants to work in the city of Quibdo in the company" classname="List of jobs offered in the city of Medellin" time="15.48"/>
  <testcase name="Carlos, he wants the editbox not to admit numbers" classname="List of jobs offered in the city of Medellin" time="14.467"/>
  <system-out><![CDATA[]]></system-out>
  <system-err><![CDATA[nov. 24, 2019 4:30:11 A. M. org.openqa.selenium.remote.DesiredCapabilities chrome
INFORMACIÓN: Using `new ChromeOptions()` is preferred to `DesiredCapabilities.chrome()`
Starting ChromeDriver 78.0.3904.105 (60e2d8774a8151efa6a00b1f358371b1e0e07ee2-refs/branch-heads/3904@{#877}) on port 20125
Only local connections are allowed.
Please protect ports used by ChromeDriver and related test frameworks to prevent access by malicious code.
[1574587816.101][WARNING]: Timed out connecting to Chrome, retrying...
nov. 24, 2019 4:30:18 A. M. org.openqa.selenium.remote.ProtocolHandshake createSession
INFORMACIÓN: Detected dialect: W3C
[Test worker] INFO net.thucydides.core.steps.ConsoleLoggingListener - 
        __    _____ _____ ____ _____   ____   _    ____  ____  _____ ____  
  _     \ \  |_   _| ____/ ___|_   _| |  _ \ / \  / ___|/ ___|| ____|  _ \ 
 (_)_____| |   | | |  _| \___ \ | |   | |_) / _ \ \___ \\___ \|  _| | | | |
  _|_____| |   | | | |___ ___) || |   |  __/ ___ \ ___) |___) | |___| |_| |
 (_)     | |   |_| |_____|____/ |_|   |_| /_/   \_\____/|____/|_____|____/ 
        /_/                                                                

TEST PASSED: Carlos, wants to work in the city of medellin in the company
----------------------------------------------------------------------------
nov. 24, 2019 4:30:29 A. M. org.openqa.selenium.remote.DesiredCapabilities chrome
INFORMACIÓN: Using `new ChromeOptions()` is preferred to `DesiredCapabilities.chrome()`
[1574587832.451][WARNING]: Timed out connecting to Chrome, retrying...
nov. 24, 2019 4:30:34 A. M. org.openqa.selenium.remote.ProtocolHandshake createSession
INFORMACIÓN: Detected dialect: W3C
[Test worker] INFO net.thucydides.core.steps.ConsoleLoggingListener - 
        __    _____ _____ ____ _____   ____   _    ____  ____  _____ ____  
  _     \ \  |_   _| ____/ ___|_   _| |  _ \ / \  / ___|/ ___|| ____|  _ \ 
 (_)_____| |   | | |  _| \___ \ | |   | |_) / _ \ \___ \\___ \|  _| | | | |
  _|_____| |   | | | |___ ___) || |   |  __/ ___ \ ___) |___) | |___| |_| |
 (_)     | |   |_| |_____|____/ |_|   |_| /_/   \_\____/|____/|_____|____/ 
        /_/                                                                

TEST PASSED: Carlos, wants to work in the city of Quibdo in the company
----------------------------------------------------------------------------
nov. 24, 2019 4:30:44 A. M. org.openqa.selenium.remote.DesiredCapabilities chrome
INFORMACIÓN: Using `new ChromeOptions()` is preferred to `DesiredCapabilities.chrome()`
[1574587847.793][WARNING]: Timed out connecting to Chrome, retrying...
nov. 24, 2019 4:30:49 A. M. org.openqa.selenium.remote.ProtocolHandshake createSession
INFORMACIÓN: Detected dialect: W3C
[Test worker] INFO net.thucydides.core.steps.ConsoleLoggingListener - 
        __    _____ _____ ____ _____   ____   _    ____  ____  _____ ____  
  _     \ \  |_   _| ____/ ___|_   _| |  _ \ / \  / ___|/ ___|| ____|  _ \ 
 (_)_____| |   | | |  _| \___ \ | |   | |_) / _ \ \___ \\___ \|  _| | | | |
  _|_____| |   | | | |___ ___) || |   |  __/ ___ \ ___) |___) | |___| |_| |
 (_)     | |   |_| |_____|____/ |_|   |_| /_/   \_\____/|____/|_____|____/ 
        /_/                                                                

TEST PASSED: Carlos, he wants the editbox not to admit numbers
----------------------------------------------------------------------------
]]></system-err>
</testsuite>
